

================================================================
== Vitis HLS Report for 'mmult'
================================================================
* Date:           Wed Oct 19 15:49:37 2022

* Version:        2022.1 (Build 3526262 on Mon Apr 18 15:47:01 MDT 2022)
* Project:        mmult
* Solution:       solution (Vitis Kernel Flow Target)
* Product family: virtexuplus
* Target device:  xcu50-fsvh2104-2-e


================================================================
== Performance Estimates
================================================================
+ Timing: 
    * Summary: 
    +--------+---------+----------+------------+
    |  Clock |  Target | Estimated| Uncertainty|
    +--------+---------+----------+------------+
    |ap_clk  |  3.33 ns|  2.433 ns|     0.90 ns|
    +--------+---------+----------+------------+

+ Latency: 
    * Summary: 
    +---------+---------+----------+----------+-----+------+---------+
    |  Latency (cycles) |  Latency (absolute) |  Interval  | Pipeline|
    |   min   |   max   |    min   |    max   | min |  max |   Type  |
    +---------+---------+----------+----------+-----+------+---------+
    |       33|     1019|  0.110 us|  3.396 us|   34|  1020|       no|
    +---------+---------+----------+----------+-----+------+---------+

    + Detail: 
        * Instance: 
        +--------------------------------------+--------------------------+---------+---------+-----------+-----------+-----+-----+---------+
        |                                      |                          |  Latency (cycles) |   Latency (absolute)  |  Interval | Pipeline|
        |               Instance               |          Module          |   min   |   max   |    min    |    max    | min | max |   Type  |
        +--------------------------------------+--------------------------+---------+---------+-----------+-----------+-----+-----+---------+
        |grp_mmult_Pipeline_readA_fu_1347      |mmult_Pipeline_readA      |      259|      259|   0.863 us|   0.863 us|  259|  259|       no|
        |grp_mmult_Pipeline_readB_fu_1372      |mmult_Pipeline_readB      |      259|      259|   0.863 us|   0.863 us|  259|  259|       no|
        |grp_mmult_Pipeline_systolic1_fu_1397  |mmult_Pipeline_systolic1  |       21|       21|  69.993 ns|  69.993 ns|   21|   21|       no|
        |grp_mmult_Pipeline_writeC_fu_1722     |mmult_Pipeline_writeC     |      258|      258|   0.860 us|   0.860 us|  258|  258|       no|
        +--------------------------------------+--------------------------+---------+---------+-----------+-----------+-----+-----+---------+

        * Loop: 
        N/A



================================================================
== Utilization Estimates
================================================================
* Summary: 
+---------------------+---------+------+---------+--------+-----+
|         Name        | BRAM_18K|  DSP |    FF   |   LUT  | URAM|
+---------------------+---------+------+---------+--------+-----+
|DSP                  |        -|     -|        -|       -|    -|
|Expression           |        -|     -|        0|     708|    -|
|FIFO                 |        -|     -|        -|       -|    -|
|Instance             |        0|   771|    61505|   35705|    0|
|Memory               |        0|     -|     1024|    1056|    0|
|Multiplexer          |        -|     -|        -|    2639|    -|
|Register             |        -|     -|      644|       -|    -|
+---------------------+---------+------+---------+--------+-----+
|Total                |        0|   771|    63173|   40108|    0|
+---------------------+---------+------+---------+--------+-----+
|Available SLR        |     1344|  2976|   871680|  435840|  320|
+---------------------+---------+------+---------+--------+-----+
|Utilization SLR (%)  |        0|    25|        7|       9|    0|
+---------------------+---------+------+---------+--------+-----+
|Available            |     2688|  5952|  1743360|  871680|  640|
+---------------------+---------+------+---------+--------+-----+
|Utilization (%)      |        0|    12|        3|       4|    0|
+---------------------+---------+------+---------+--------+-----+

+ Detail: 
    * Instance: 
    +--------------------------------------+--------------------------+---------+-----+-------+-------+-----+
    |               Instance               |          Module          | BRAM_18K| DSP |   FF  |  LUT  | URAM|
    +--------------------------------------+--------------------------+---------+-----+-------+-------+-----+
    |control_s_axi_U                       |control_s_axi             |        0|    0|    360|    616|    0|
    |gmem_m_axi_U                          |gmem_m_axi                |        0|    0|    764|   1118|    0|
    |grp_mmult_Pipeline_readA_fu_1347      |mmult_Pipeline_readA      |        0|    0|    133|    296|    0|
    |grp_mmult_Pipeline_readB_fu_1372      |mmult_Pipeline_readB      |        0|    0|    133|    296|    0|
    |grp_mmult_Pipeline_systolic1_fu_1397  |mmult_Pipeline_systolic1  |        0|  762|  59489|  31833|    0|
    |grp_mmult_Pipeline_writeC_fu_1722     |mmult_Pipeline_writeC     |        0|    0|    131|   1399|    0|
    |mul_32s_32s_32_2_1_U897               |mul_32s_32s_32_2_1        |        0|    3|    165|     49|    0|
    |mul_32s_32s_32_2_1_U898               |mul_32s_32s_32_2_1        |        0|    3|    165|     49|    0|
    |mul_32s_32s_32_2_1_U899               |mul_32s_32s_32_2_1        |        0|    3|    165|     49|    0|
    +--------------------------------------+--------------------------+---------+-----+-------+-------+-----+
    |Total                                 |                          |        0|  771|  61505|  35705|    0|
    +--------------------------------------+--------------------------+---------+-----+-------+-------+-----+

    * DSP: 
    N/A

    * Memory: 
    +-------------+----------------------+---------+----+----+-----+------+-----+------+-------------+
    |    Memory   |        Module        | BRAM_18K| FF | LUT| URAM| Words| Bits| Banks| W*Bits*Banks|
    +-------------+----------------------+---------+----+----+-----+------+-----+------+-------------+
    |localA_U     |localA_RAM_AUTO_1R1W  |        0|  32|  33|    0|    16|   32|     1|          512|
    |localA_1_U   |localA_RAM_AUTO_1R1W  |        0|  32|  33|    0|    16|   32|     1|          512|
    |localA_2_U   |localA_RAM_AUTO_1R1W  |        0|  32|  33|    0|    16|   32|     1|          512|
    |localA_3_U   |localA_RAM_AUTO_1R1W  |        0|  32|  33|    0|    16|   32|     1|          512|
    |localA_4_U   |localA_RAM_AUTO_1R1W  |        0|  32|  33|    0|    16|   32|     1|          512|
    |localA_5_U   |localA_RAM_AUTO_1R1W  |        0|  32|  33|    0|    16|   32|     1|          512|
    |localA_6_U   |localA_RAM_AUTO_1R1W  |        0|  32|  33|    0|    16|   32|     1|          512|
    |localA_7_U   |localA_RAM_AUTO_1R1W  |        0|  32|  33|    0|    16|   32|     1|          512|
    |localA_8_U   |localA_RAM_AUTO_1R1W  |        0|  32|  33|    0|    16|   32|     1|          512|
    |localA_9_U   |localA_RAM_AUTO_1R1W  |        0|  32|  33|    0|    16|   32|     1|          512|
    |localA_10_U  |localA_RAM_AUTO_1R1W  |        0|  32|  33|    0|    16|   32|     1|          512|
    |localA_11_U  |localA_RAM_AUTO_1R1W  |        0|  32|  33|    0|    16|   32|     1|          512|
    |localA_12_U  |localA_RAM_AUTO_1R1W  |        0|  32|  33|    0|    16|   32|     1|          512|
    |localA_13_U  |localA_RAM_AUTO_1R1W  |        0|  32|  33|    0|    16|   32|     1|          512|
    |localA_14_U  |localA_RAM_AUTO_1R1W  |        0|  32|  33|    0|    16|   32|     1|          512|
    |localA_15_U  |localA_RAM_AUTO_1R1W  |        0|  32|  33|    0|    16|   32|     1|          512|
    |localB_U     |localA_RAM_AUTO_1R1W  |        0|  32|  33|    0|    16|   32|     1|          512|
    |localB_1_U   |localA_RAM_AUTO_1R1W  |        0|  32|  33|    0|    16|   32|     1|          512|
    |localB_2_U   |localA_RAM_AUTO_1R1W  |        0|  32|  33|    0|    16|   32|     1|          512|
    |localB_3_U   |localA_RAM_AUTO_1R1W  |        0|  32|  33|    0|    16|   32|     1|          512|
    |localB_4_U   |localA_RAM_AUTO_1R1W  |        0|  32|  33|    0|    16|   32|     1|          512|
    |localB_5_U   |localA_RAM_AUTO_1R1W  |        0|  32|  33|    0|    16|   32|     1|          512|
    |localB_6_U   |localA_RAM_AUTO_1R1W  |        0|  32|  33|    0|    16|   32|     1|          512|
    |localB_7_U   |localA_RAM_AUTO_1R1W  |        0|  32|  33|    0|    16|   32|     1|          512|
    |localB_8_U   |localA_RAM_AUTO_1R1W  |        0|  32|  33|    0|    16|   32|     1|          512|
    |localB_9_U   |localA_RAM_AUTO_1R1W  |        0|  32|  33|    0|    16|   32|     1|          512|
    |localB_10_U  |localA_RAM_AUTO_1R1W  |        0|  32|  33|    0|    16|   32|     1|          512|
    |localB_11_U  |localA_RAM_AUTO_1R1W  |        0|  32|  33|    0|    16|   32|     1|          512|
    |localB_12_U  |localA_RAM_AUTO_1R1W  |        0|  32|  33|    0|    16|   32|     1|          512|
    |localB_13_U  |localA_RAM_AUTO_1R1W  |        0|  32|  33|    0|    16|   32|     1|          512|
    |localB_14_U  |localA_RAM_AUTO_1R1W  |        0|  32|  33|    0|    16|   32|     1|          512|
    |localB_15_U  |localA_RAM_AUTO_1R1W  |        0|  32|  33|    0|    16|   32|     1|          512|
    +-------------+----------------------+---------+----+----+-----+------+-----+------+-------------+
    |Total        |                      |        0|1024|1056|    0|   512| 1024|    32|        16384|
    +-------------+----------------------+---------+----+----+-----+------+-----+------+-------------+

    * FIFO: 
    N/A

    * Expression: 
    +-----------------------------------+----------+----+---+----+------------+------------+
    |           Variable Name           | Operation| DSP| FF| LUT| Bitwidth P0| Bitwidth P1|
    +-----------------------------------+----------+----+---+----+------------+------------+
    |ap_block_state150_on_subcall_done  |       and|   0|  0|   2|           1|           1|
    |ap_block_state153_io               |       and|   0|  0|   2|           1|           1|
    |ap_block_state223                  |       and|   0|  0|   2|           1|           1|
    |ap_block_state5_io                 |       and|   0|  0|   2|           1|           1|
    |ap_block_state76_on_subcall_done   |       and|   0|  0|   2|           1|           1|
    |ap_ext_blocking_cur_n              |       and|   0|  0|   2|           1|           1|
    |ap_ext_blocking_n                  |       and|   0|  0|   2|           1|           1|
    |ap_int_blocking_n                  |       and|   0|  0|   2|           1|           2|
    |ap_str_blocking_n                  |       and|   0|  0|   2|           1|           2|
    |cmp49_10_not_fu_2130_p2            |      icmp|   0|  0|  20|          32|           4|
    |cmp49_11_not_fu_2135_p2            |      icmp|   0|  0|  20|          32|           4|
    |cmp49_12_not_fu_2140_p2            |      icmp|   0|  0|  20|          32|           4|
    |cmp49_13_not_fu_2145_p2            |      icmp|   0|  0|  20|          32|           4|
    |cmp49_14_not_fu_2150_p2            |      icmp|   0|  0|  20|          32|           4|
    |cmp49_2_not_fu_2070_p2             |      icmp|   0|  0|  20|          32|           2|
    |cmp49_4_not_fu_2090_p2             |      icmp|   0|  0|  20|          32|           3|
    |cmp49_5_not_fu_2095_p2             |      icmp|   0|  0|  20|          32|           3|
    |cmp49_6_not_fu_2100_p2             |      icmp|   0|  0|  20|          32|           3|
    |cmp49_8_not_fu_2120_p2             |      icmp|   0|  0|  20|          32|           4|
    |cmp49_9_not_fu_2125_p2             |      icmp|   0|  0|  20|          32|           4|
    |cmp49_not_fu_2050_p2               |      icmp|   0|  0|  20|          32|           1|
    |cmp61_10224_fu_2264_p2             |      icmp|   0|  0|  20|          32|           4|
    |cmp61_11245_fu_2270_p2             |      icmp|   0|  0|  20|          32|           4|
    |cmp61_12266_fu_2276_p2             |      icmp|   0|  0|  20|          32|           4|
    |cmp61_13287_fu_2282_p2             |      icmp|   0|  0|  20|          32|           4|
    |cmp61_14308_fu_2288_p2             |      icmp|   0|  0|  20|          32|           4|
    |cmp61_256_fu_2196_p2               |      icmp|   0|  0|  20|          32|           2|
    |cmp61_498_fu_2218_p2               |      icmp|   0|  0|  20|          32|           3|
    |cmp61_5119_fu_2224_p2              |      icmp|   0|  0|  20|          32|           3|
    |cmp61_6140_fu_2230_p2              |      icmp|   0|  0|  20|          32|           3|
    |cmp61_8182_fu_2252_p2              |      icmp|   0|  0|  20|          32|           4|
    |cmp61_9203_fu_2258_p2              |      icmp|   0|  0|  20|          32|           4|
    |cmp61_fu_2174_p2                   |      icmp|   0|  0|  20|          32|           1|
    |icmp12_fu_2211_p2                  |      icmp|   0|  0|  19|          30|           1|
    |icmp15_fu_2245_p2                  |      icmp|   0|  0|  18|          29|           1|
    |icmp18_fu_2303_p2                  |      icmp|   0|  0|  18|          28|           1|
    |icmp21_fu_2064_p2                  |      icmp|   0|  0|  19|          31|           1|
    |icmp24_fu_2084_p2                  |      icmp|   0|  0|  19|          30|           1|
    |icmp27_fu_2114_p2                  |      icmp|   0|  0|  18|          29|           1|
    |icmp30_fu_2164_p2                  |      icmp|   0|  0|  18|          28|           1|
    |icmp_fu_2189_p2                    |      icmp|   0|  0|  19|          31|           1|
    |icmp_ln173_fu_2310_p2              |      icmp|   0|  0|  20|          32|           1|
    |icmp_ln87_fu_1991_p2               |      icmp|   0|  0|  20|          32|           1|
    |icmp_ln98_fu_2023_p2               |      icmp|   0|  0|  20|          32|           1|
    |ap_block_state1                    |        or|   0|  0|   2|           1|           1|
    +-----------------------------------+----------+----+---+----+------------+------------+
    |Total                              |          |   0|  0| 708|        1110|         103|
    +-----------------------------------+----------+----+---+----+------------+------------+

    * Multiplexer: 
    +--------------------+------+-----------+-----+-----------+
    |        Name        |  LUT | Input Size| Bits| Total Bits|
    +--------------------+------+-----------+-----+-----------+
    |ap_NS_fsm           |  1189|        224|    1|        224|
    |ap_done             |     9|          2|    1|          2|
    |gmem_ARADDR         |    26|          5|   64|        320|
    |gmem_ARLEN          |    26|          5|   32|        160|
    |gmem_ARVALID        |    20|          4|    1|          4|
    |gmem_AWADDR         |    14|          3|   64|        192|
    |gmem_AWLEN          |    14|          3|   32|         96|
    |gmem_AWVALID        |    14|          3|    1|          3|
    |gmem_BREADY         |    14|          3|    1|          3|
    |gmem_RREADY         |    14|          3|    1|          3|
    |gmem_WVALID         |     9|          2|    1|          2|
    |gmem_blk_n_AR       |     9|          2|    1|          2|
    |gmem_blk_n_AW       |     9|          2|    1|          2|
    |gmem_blk_n_B        |     9|          2|    1|          2|
    |grp_fu_1987_ce      |     9|          2|    1|          2|
    |grp_fu_1987_p0      |    14|          3|   32|         96|
    |grp_fu_1987_p1      |    14|          3|   32|         96|
    |grp_fu_2019_ce      |    14|          3|    1|          3|
    |grp_fu_2019_p0      |    14|          3|   32|         96|
    |grp_fu_2019_p1      |    14|          3|   32|         96|
    |localA_10_address0  |    14|          3|    4|         12|
    |localA_10_ce0       |    14|          3|    1|          3|
    |localA_10_we0       |     9|          2|    1|          2|
    |localA_11_address0  |    14|          3|    4|         12|
    |localA_11_ce0       |    14|          3|    1|          3|
    |localA_11_we0       |     9|          2|    1|          2|
    |localA_12_address0  |    14|          3|    4|         12|
    |localA_12_ce0       |    14|          3|    1|          3|
    |localA_12_we0       |     9|          2|    1|          2|
    |localA_13_address0  |    14|          3|    4|         12|
    |localA_13_ce0       |    14|          3|    1|          3|
    |localA_13_we0       |     9|          2|    1|          2|
    |localA_14_address0  |    14|          3|    4|         12|
    |localA_14_ce0       |    14|          3|    1|          3|
    |localA_14_we0       |     9|          2|    1|          2|
    |localA_15_address0  |    14|          3|    4|         12|
    |localA_15_ce0       |    14|          3|    1|          3|
    |localA_15_we0       |     9|          2|    1|          2|
    |localA_1_address0   |    14|          3|    4|         12|
    |localA_1_ce0        |    14|          3|    1|          3|
    |localA_1_we0        |     9|          2|    1|          2|
    |localA_2_address0   |    14|          3|    4|         12|
    |localA_2_ce0        |    14|          3|    1|          3|
    |localA_2_we0        |     9|          2|    1|          2|
    |localA_3_address0   |    14|          3|    4|         12|
    |localA_3_ce0        |    14|          3|    1|          3|
    |localA_3_we0        |     9|          2|    1|          2|
    |localA_4_address0   |    14|          3|    4|         12|
    |localA_4_ce0        |    14|          3|    1|          3|
    |localA_4_we0        |     9|          2|    1|          2|
    |localA_5_address0   |    14|          3|    4|         12|
    |localA_5_ce0        |    14|          3|    1|          3|
    |localA_5_we0        |     9|          2|    1|          2|
    |localA_6_address0   |    14|          3|    4|         12|
    |localA_6_ce0        |    14|          3|    1|          3|
    |localA_6_we0        |     9|          2|    1|          2|
    |localA_7_address0   |    14|          3|    4|         12|
    |localA_7_ce0        |    14|          3|    1|          3|
    |localA_7_we0        |     9|          2|    1|          2|
    |localA_8_address0   |    14|          3|    4|         12|
    |localA_8_ce0        |    14|          3|    1|          3|
    |localA_8_we0        |     9|          2|    1|          2|
    |localA_9_address0   |    14|          3|    4|         12|
    |localA_9_ce0        |    14|          3|    1|          3|
    |localA_9_we0        |     9|          2|    1|          2|
    |localA_address0     |    14|          3|    4|         12|
    |localA_ce0          |    14|          3|    1|          3|
    |localA_we0          |     9|          2|    1|          2|
    |localB_10_address0  |    14|          3|    4|         12|
    |localB_10_ce0       |    14|          3|    1|          3|
    |localB_10_we0       |     9|          2|    1|          2|
    |localB_11_address0  |    14|          3|    4|         12|
    |localB_11_ce0       |    14|          3|    1|          3|
    |localB_11_we0       |     9|          2|    1|          2|
    |localB_12_address0  |    14|          3|    4|         12|
    |localB_12_ce0       |    14|          3|    1|          3|
    |localB_12_we0       |     9|          2|    1|          2|
    |localB_13_address0  |    14|          3|    4|         12|
    |localB_13_ce0       |    14|          3|    1|          3|
    |localB_13_we0       |     9|          2|    1|          2|
    |localB_14_address0  |    14|          3|    4|         12|
    |localB_14_ce0       |    14|          3|    1|          3|
    |localB_14_we0       |     9|          2|    1|          2|
    |localB_15_address0  |    14|          3|    4|         12|
    |localB_15_ce0       |    14|          3|    1|          3|
    |localB_15_we0       |     9|          2|    1|          2|
    |localB_1_address0   |    14|          3|    4|         12|
    |localB_1_ce0        |    14|          3|    1|          3|
    |localB_1_we0        |     9|          2|    1|          2|
    |localB_2_address0   |    14|          3|    4|         12|
    |localB_2_ce0        |    14|          3|    1|          3|
    |localB_2_we0        |     9|          2|    1|          2|
    |localB_3_address0   |    14|          3|    4|         12|
    |localB_3_ce0        |    14|          3|    1|          3|
    |localB_3_we0        |     9|          2|    1|          2|
    |localB_4_address0   |    14|          3|    4|         12|
    |localB_4_ce0        |    14|          3|    1|          3|
    |localB_4_we0        |     9|          2|    1|          2|
    |localB_5_address0   |    14|          3|    4|         12|
    |localB_5_ce0        |    14|          3|    1|          3|
    |localB_5_we0        |     9|          2|    1|          2|
    |localB_6_address0   |    14|          3|    4|         12|
    |localB_6_ce0        |    14|          3|    1|          3|
    |localB_6_we0        |     9|          2|    1|          2|
    |localB_7_address0   |    14|          3|    4|         12|
    |localB_7_ce0        |    14|          3|    1|          3|
    |localB_7_we0        |     9|          2|    1|          2|
    |localB_8_address0   |    14|          3|    4|         12|
    |localB_8_ce0        |    14|          3|    1|          3|
    |localB_8_we0        |     9|          2|    1|          2|
    |localB_9_address0   |    14|          3|    4|         12|
    |localB_9_ce0        |    14|          3|    1|          3|
    |localB_9_we0        |     9|          2|    1|          2|
    |localB_address0     |    14|          3|    4|         12|
    |localB_ce0          |    14|          3|    1|          3|
    |localB_we0          |     9|          2|    1|          2|
    +--------------------+------+-----------+-----+-----------+
    |Total               |  2639|        536|  524|       1948|
    +--------------------+------+-----------+-----+-----------+

    * Register: 
    +---------------------------------------------------+-----+----+-----+-----------+
    |                        Name                       |  FF | LUT| Bits| Const Bits|
    +---------------------------------------------------+-----+----+-----+-----------+
    |ap_CS_fsm                                          |  223|   0|  223|          0|
    |ap_done_reg                                        |    1|   0|    1|          0|
    |ap_ext_blocking_n_reg                              |    1|   0|    1|          0|
    |ap_int_blocking_n_reg                              |    1|   0|    1|          0|
    |ap_rst_n_inv                                       |    1|   0|    1|          0|
    |ap_rst_reg_1                                       |    1|   0|    1|          0|
    |ap_rst_reg_2                                       |    1|   0|    1|          0|
    |ap_str_blocking_n_reg                              |    1|   0|    1|          0|
    |cmp49_10_not_reg_4814                              |    1|   0|    1|          0|
    |cmp49_11_not_reg_4819                              |    1|   0|    1|          0|
    |cmp49_12_not_reg_4824                              |    1|   0|    1|          0|
    |cmp49_13_not_reg_4829                              |    1|   0|    1|          0|
    |cmp49_14_not_reg_4834                              |    1|   0|    1|          0|
    |cmp49_2_not_reg_4774                               |    1|   0|    1|          0|
    |cmp49_4_not_reg_4784                               |    1|   0|    1|          0|
    |cmp49_5_not_reg_4789                               |    1|   0|    1|          0|
    |cmp49_6_not_reg_4794                               |    1|   0|    1|          0|
    |cmp49_8_not_reg_4804                               |    1|   0|    1|          0|
    |cmp49_9_not_reg_4809                               |    1|   0|    1|          0|
    |cmp49_not_reg_4764                                 |    1|   0|    1|          0|
    |cmp61_10224_reg_4894                               |    1|   0|    1|          0|
    |cmp61_11245_reg_4899                               |    1|   0|    1|          0|
    |cmp61_12266_reg_4904                               |    1|   0|    1|          0|
    |cmp61_13287_reg_4909                               |    1|   0|    1|          0|
    |cmp61_14308_reg_4914                               |    1|   0|    1|          0|
    |cmp61_256_reg_4854                                 |    1|   0|    1|          0|
    |cmp61_498_reg_4864                                 |    1|   0|    1|          0|
    |cmp61_5119_reg_4869                                |    1|   0|    1|          0|
    |cmp61_6140_reg_4874                                |    1|   0|    1|          0|
    |cmp61_8182_reg_4884                                |    1|   0|    1|          0|
    |cmp61_9203_reg_4889                                |    1|   0|    1|          0|
    |cmp61_reg_4844                                     |    1|   0|    1|          0|
    |grp_mmult_Pipeline_readA_fu_1347_ap_start_reg      |    1|   0|    1|          0|
    |grp_mmult_Pipeline_readB_fu_1372_ap_start_reg      |    1|   0|    1|          0|
    |grp_mmult_Pipeline_systolic1_fu_1397_ap_start_reg  |    1|   0|    1|          0|
    |grp_mmult_Pipeline_writeC_fu_1722_ap_start_reg     |    1|   0|    1|          0|
    |icmp12_reg_4859                                    |    1|   0|    1|          0|
    |icmp15_reg_4879                                    |    1|   0|    1|          0|
    |icmp18_reg_4919                                    |    1|   0|    1|          0|
    |icmp21_reg_4769                                    |    1|   0|    1|          0|
    |icmp24_reg_4779                                    |    1|   0|    1|          0|
    |icmp27_reg_4799                                    |    1|   0|    1|          0|
    |icmp30_reg_4839                                    |    1|   0|    1|          0|
    |icmp_ln173_reg_4931                                |    1|   0|    1|          0|
    |icmp_ln87_reg_4684                                 |    1|   0|    1|          0|
    |icmp_ln98_reg_4744                                 |    1|   0|    1|          0|
    |icmp_reg_4849                                      |    1|   0|    1|          0|
    |mul12_reg_4737                                     |   32|   0|   32|          0|
    |mul88_reg_4924                                     |   32|   0|   32|          0|
    |mul_reg_4672                                       |   32|   0|   32|          0|
    |trunc_ln173_reg_5703                               |   31|   0|   31|          0|
    |trunc_ln2_reg_4748                                 |   62|   0|   62|          0|
    |trunc_ln4_reg_5708                                 |   62|   0|   62|          0|
    |trunc_ln87_reg_4722                                |   31|   0|   31|          0|
    |trunc_ln98_reg_4754                                |   31|   0|   31|          0|
    |trunc_ln_reg_4727                                  |   62|   0|   62|          0|
    +---------------------------------------------------+-----+----+-----+-----------+
    |Total                                              |  644|   0|  644|          0|
    +---------------------------------------------------+-----+----+-----+-----------+



================================================================
== Interface
================================================================
* Summary: 
+-----------------------+-----+-----+---------------+--------------+--------------+
|       RTL Ports       | Dir | Bits|    Protocol   | Source Object|    C Type    |
+-----------------------+-----+-----+---------------+--------------+--------------+
|s_axi_control_AWVALID  |   in|    1|          s_axi|       control|        scalar|
|s_axi_control_AWREADY  |  out|    1|          s_axi|       control|        scalar|
|s_axi_control_AWADDR   |   in|    7|          s_axi|       control|        scalar|
|s_axi_control_WVALID   |   in|    1|          s_axi|       control|        scalar|
|s_axi_control_WREADY   |  out|    1|          s_axi|       control|        scalar|
|s_axi_control_WDATA    |   in|   32|          s_axi|       control|        scalar|
|s_axi_control_WSTRB    |   in|    4|          s_axi|       control|        scalar|
|s_axi_control_ARVALID  |   in|    1|          s_axi|       control|        scalar|
|s_axi_control_ARREADY  |  out|    1|          s_axi|       control|        scalar|
|s_axi_control_ARADDR   |   in|    7|          s_axi|       control|        scalar|
|s_axi_control_RVALID   |  out|    1|          s_axi|       control|        scalar|
|s_axi_control_RREADY   |   in|    1|          s_axi|       control|        scalar|
|s_axi_control_RDATA    |  out|   32|          s_axi|       control|        scalar|
|s_axi_control_RRESP    |  out|    2|          s_axi|       control|        scalar|
|s_axi_control_BVALID   |  out|    1|          s_axi|       control|        scalar|
|s_axi_control_BREADY   |   in|    1|          s_axi|       control|        scalar|
|s_axi_control_BRESP    |  out|    2|          s_axi|       control|        scalar|
|ap_clk                 |   in|    1|  ap_ctrl_chain|         mmult|  return value|
|ap_rst_n               |   in|    1|  ap_ctrl_chain|         mmult|  return value|
|event_done             |  out|    1|  ap_ctrl_chain|         mmult|  return value|
|interrupt              |  out|    1|  ap_ctrl_chain|         mmult|  return value|
|event_start            |  out|    1|  ap_ctrl_chain|         mmult|  return value|
|stall_start_ext        |  out|    1|  ap_ctrl_chain|         mmult|  return value|
|stall_done_ext         |  out|    1|  ap_ctrl_chain|         mmult|  return value|
|stall_start_str        |  out|    1|  ap_ctrl_chain|         mmult|  return value|
|stall_done_str         |  out|    1|  ap_ctrl_chain|         mmult|  return value|
|stall_start_int        |  out|    1|  ap_ctrl_chain|         mmult|  return value|
|stall_done_int         |  out|    1|  ap_ctrl_chain|         mmult|  return value|
|m_axi_gmem_AWVALID     |  out|    1|          m_axi|          gmem|       pointer|
|m_axi_gmem_AWREADY     |   in|    1|          m_axi|          gmem|       pointer|
|m_axi_gmem_AWADDR      |  out|   64|          m_axi|          gmem|       pointer|
|m_axi_gmem_AWID        |  out|    1|          m_axi|          gmem|       pointer|
|m_axi_gmem_AWLEN       |  out|    8|          m_axi|          gmem|       pointer|
|m_axi_gmem_AWSIZE      |  out|    3|          m_axi|          gmem|       pointer|
|m_axi_gmem_AWBURST     |  out|    2|          m_axi|          gmem|       pointer|
|m_axi_gmem_AWLOCK      |  out|    2|          m_axi|          gmem|       pointer|
|m_axi_gmem_AWCACHE     |  out|    4|          m_axi|          gmem|       pointer|
|m_axi_gmem_AWPROT      |  out|    3|          m_axi|          gmem|       pointer|
|m_axi_gmem_AWQOS       |  out|    4|          m_axi|          gmem|       pointer|
|m_axi_gmem_AWREGION    |  out|    4|          m_axi|          gmem|       pointer|
|m_axi_gmem_AWUSER      |  out|    1|          m_axi|          gmem|       pointer|
|m_axi_gmem_WVALID      |  out|    1|          m_axi|          gmem|       pointer|
|m_axi_gmem_WREADY      |   in|    1|          m_axi|          gmem|       pointer|
|m_axi_gmem_WDATA       |  out|   32|          m_axi|          gmem|       pointer|
|m_axi_gmem_WSTRB       |  out|    4|          m_axi|          gmem|       pointer|
|m_axi_gmem_WLAST       |  out|    1|          m_axi|          gmem|       pointer|
|m_axi_gmem_WID         |  out|    1|          m_axi|          gmem|       pointer|
|m_axi_gmem_WUSER       |  out|    1|          m_axi|          gmem|       pointer|
|m_axi_gmem_ARVALID     |  out|    1|          m_axi|          gmem|       pointer|
|m_axi_gmem_ARREADY     |   in|    1|          m_axi|          gmem|       pointer|
|m_axi_gmem_ARADDR      |  out|   64|          m_axi|          gmem|       pointer|
|m_axi_gmem_ARID        |  out|    1|          m_axi|          gmem|       pointer|
|m_axi_gmem_ARLEN       |  out|    8|          m_axi|          gmem|       pointer|
|m_axi_gmem_ARSIZE      |  out|    3|          m_axi|          gmem|       pointer|
|m_axi_gmem_ARBURST     |  out|    2|          m_axi|          gmem|       pointer|
|m_axi_gmem_ARLOCK      |  out|    2|          m_axi|          gmem|       pointer|
|m_axi_gmem_ARCACHE     |  out|    4|          m_axi|          gmem|       pointer|
|m_axi_gmem_ARPROT      |  out|    3|          m_axi|          gmem|       pointer|
|m_axi_gmem_ARQOS       |  out|    4|          m_axi|          gmem|       pointer|
|m_axi_gmem_ARREGION    |  out|    4|          m_axi|          gmem|       pointer|
|m_axi_gmem_ARUSER      |  out|    1|          m_axi|          gmem|       pointer|
|m_axi_gmem_RVALID      |   in|    1|          m_axi|          gmem|       pointer|
|m_axi_gmem_RREADY      |  out|    1|          m_axi|          gmem|       pointer|
|m_axi_gmem_RDATA       |   in|   32|          m_axi|          gmem|       pointer|
|m_axi_gmem_RLAST       |   in|    1|          m_axi|          gmem|       pointer|
|m_axi_gmem_RID         |   in|    1|          m_axi|          gmem|       pointer|
|m_axi_gmem_RUSER       |   in|    1|          m_axi|          gmem|       pointer|
|m_axi_gmem_RRESP       |   in|    2|          m_axi|          gmem|       pointer|
|m_axi_gmem_BVALID      |   in|    1|          m_axi|          gmem|       pointer|
|m_axi_gmem_BREADY      |  out|    1|          m_axi|          gmem|       pointer|
|m_axi_gmem_BRESP       |   in|    2|          m_axi|          gmem|       pointer|
|m_axi_gmem_BID         |   in|    1|          m_axi|          gmem|       pointer|
|m_axi_gmem_BUSER       |   in|    1|          m_axi|          gmem|       pointer|
+-----------------------+-----+-----+---------------+--------------+--------------+

